  CMakeCXXCompilerId.cpp
  imgui.cpp
  imgui_demo.cpp
  imgui_draw.cpp
  imgui_tables.cpp
  imgui_widgets.cpp
  player.cpp
  ratan.cpp
C:\Users\kraks\Desktop\RatanBox\src\objects\player\player.cpp(1,10): error C1083: Cannot open include file: 'player.h': No such file or directory
C:\Users\kraks\Desktop\RatanBox\src\ratan.cpp(3,10): error C1083: Cannot open include file: 'glad/glad.h': No such file or directory
  logger.cpp
  simple.cpp
C:\Users\kraks\Desktop\RatanBox\src\utils\simple.cpp(1,10): error C1083: Cannot open include file: 'simple.h': No such file or directory
  win32_window.cpp
  window32.cpp
C:\Users\kraks\Desktop\RatanBox\src\window32.h(56,9): error C2371: 'window32::window': redefinition; different basic types
  (compiling source file 'src/window32.cpp')
  C:\Users\kraks\Desktop\RatanBox\src\window32.h(45,9):
  see declaration of 'window32::window'
  
C:\Users\kraks\Desktop\RatanBox\src\window32.cpp(79,30): error C2065: 'wndProc': undeclared identifier
C:\Users\kraks\Desktop\RatanBox\src\window32.cpp(87,23): error C2065: 'window': undeclared identifier
C:\Users\kraks\Desktop\RatanBox\src\window32.cpp(92,3): error C2065: 'err': undeclared identifier
C:\Users\kraks\Desktop\RatanBox\src\window32.cpp(93,3): error C2065: 'err': undeclared identifier
C:\Users\kraks\Desktop\RatanBox\src\window32.cpp(105,3): error C3861: 'draw': identifier not found
C:\Users\kraks\Desktop\RatanBox\src\window32.cpp(118,18): error C2065: 'window': undeclared identifier
C:\Users\kraks\Desktop\RatanBox\src\window32.cpp(118,39): error C2065: 'window': undeclared identifier
C:\Users\kraks\Desktop\RatanBox\src\window32.cpp(118,4): error C3861: 'setFullscreen': identifier not found
C:\Users\kraks\Desktop\RatanBox\src\window32.cpp(121,18): error C2065: 'window': undeclared identifier
C:\Users\kraks\Desktop\RatanBox\src\window32.cpp(122,20): error C2065: 'window': undeclared identifier
C:\Users\kraks\Desktop\RatanBox\src\window32.cpp(123,19): error C2065: 'window': undeclared identifier
C:\Users\kraks\Desktop\RatanBox\src\window32.cpp(123,3): error C2660: 'ReleaseDC': function does not take 1 arguments
  C:\Program Files (x86)\Windows Kits\10\Include\10.0.22621.0\um\winuser.h(8554,1):
  see declaration of 'ReleaseDC'
  C:\Users\kraks\Desktop\RatanBox\src\window32.cpp(123,3):
  while trying to match the argument list '(HWND)'
  
C:\Users\kraks\Desktop\RatanBox\src\window32.cpp(137,6): error C2065: 'err': undeclared identifier
C:\Users\kraks\Desktop\RatanBox\src\window32.cpp(142,36): error C2065: 'window': undeclared identifier
C:\Users\kraks\Desktop\RatanBox\src\window32.cpp(143,53): error C2065: 'window': undeclared identifier
C:\Users\kraks\Desktop\RatanBox\src\window32.cpp(144,53): error C2065: 'window': undeclared identifier
C:\Users\kraks\Desktop\RatanBox\src\window32.cpp(146,16): error C2065: 'window': undeclared identifier
C:\Users\kraks\Desktop\RatanBox\src\window32.cpp(154,24): error C2065: 'window': undeclared identifier
C:\Users\kraks\Desktop\RatanBox\src\window32.cpp(159,17): error C2065: 'window': undeclared identifier
C:\Users\kraks\Desktop\RatanBox\src\window32.cpp(160,3): error C2065: 'window': undeclared identifier
C:\Users\kraks\Desktop\RatanBox\src\window32.cpp(161,3): error C2065: 'window': undeclared identifier
C:\Users\kraks\Desktop\RatanBox\src\window32.cpp(162,3): error C2065: 'window': undeclared identifier
C:\Users\kraks\Desktop\RatanBox\src\window32.cpp(163,3): error C2065: 'window': undeclared identifier
C:\Users\kraks\Desktop\RatanBox\src\window32.cpp(165,36): error C2065: 'window': undeclared identifier
C:\Users\kraks\Desktop\RatanBox\src\window32.cpp(166,17): error C2065: 'window': undeclared identifier
C:\Users\kraks\Desktop\RatanBox\src\window32.cpp(167,16): error C2065: 'window': undeclared identifier
C:\Users\kraks\Desktop\RatanBox\src\window32.cpp(176,36): error C2065: 'window': undeclared identifier
C:\Users\kraks\Desktop\RatanBox\src\window32.cpp(177,17): error C2065: 'window': undeclared identifier
C:\Users\kraks\Desktop\RatanBox\src\window32.cpp(178,16): error C2065: 'window': undeclared identifier
C:\Users\kraks\Desktop\RatanBox\src\window32.cpp(178,45): error C2065: 'window': undeclared identifier
C:\Users\kraks\Desktop\RatanBox\src\window32.cpp(178,59): error C2065: 'window': undeclared identifier
C:\Users\kraks\Desktop\RatanBox\src\window32.cpp(178,73): error C2065: 'window': undeclared identifier
C:\Users\kraks\Desktop\RatanBox\src\window32.cpp(178,91): error C2065: 'window': undeclared identifier
C:\Users\kraks\Desktop\RatanBox\src\window32.cpp(178,3): error C2660: 'SetWindowPos': function does not take 3 arguments
  C:\Program Files (x86)\Windows Kits\10\Include\10.0.22621.0\um\winuser.h(4733,1):
  see declaration of 'SetWindowPos'
  C:\Users\kraks\Desktop\RatanBox\src\window32.cpp(178,3):
  while trying to match the argument list '()'
  
C:\Users\kraks\Desktop\RatanBox\src\window32.cpp(213,18): error C2660: 'CreateWindowExW': function does not take 8 arguments
  C:\Program Files (x86)\Windows Kits\10\Include\10.0.22621.0\um\winuser.h(4437,1):
  see declaration of 'CreateWindowExW'
  C:\Users\kraks\Desktop\RatanBox\src\window32.cpp(213,18):
  while trying to match the argument list '(long, DWORD, int, int, nullptr, nullptr, HINSTANCE, nullptr)'
  
  windowx11.cpp
C:\Users\kraks\Desktop\RatanBox\src\window32.h(56,9): error C2371: 'window32::window': redefinition; different basic types
  (compiling source file 'src/windowx11.cpp')
  C:\Users\kraks\Desktop\RatanBox\src\window32.h(45,9):
  see declaration of 'window32::window'
  
C:\Users\kraks\Desktop\RatanBox\src\windowx11.cpp(5,1): error C2653: 'windowx11': is not a class or namespace name
C:\Users\kraks\Desktop\RatanBox\src\windowx11.cpp(15,2): error C3861: 'gluLookAt': identifier not found
C:\Users\kraks\Desktop\RatanBox\src\windowx11.cpp(26,1): error C2653: 'windowx11': is not a class or namespace name
C:\Users\kraks\Desktop\RatanBox\src\windowx11.cpp(41,1): error C2653: 'windowx11': is not a class or namespace name
C:\Users\kraks\Desktop\RatanBox\src\windowx11.cpp(47,1): error C2653: 'windiwx11': is not a class or namespace name
C:\Users\kraks\Desktop\RatanBox\src\windowx11.cpp(49,7): error C2065: 'running': undeclared identifier
C:\Users\kraks\Desktop\RatanBox\src\windowx11.cpp(60,1): error C2653: 'windowx11': is not a class or namespace name
C:\Users\kraks\Desktop\RatanBox\src\windowx11.cpp(62,13): error C2065: 'dis': undeclared identifier
C:\Users\kraks\Desktop\RatanBox\src\windowx11.cpp(62,18): error C2065: 'gc': undeclared identifier
C:\Users\kraks\Desktop\RatanBox\src\windowx11.cpp(62,5): error C3861: 'XFreeGC': identifier not found
C:\Users\kraks\Desktop\RatanBox\src\windowx11.cpp(63,17): error C2065: 'dis': undeclared identifier
C:\Users\kraks\Desktop\RatanBox\src\windowx11.cpp(63,22): error C2065: 'win': undeclared identifier
C:\Users\kraks\Desktop\RatanBox\src\windowx11.cpp(63,2): error C3861: 'XDestroyWindow': identifier not found
C:\Users\kraks\Desktop\RatanBox\src\windowx11.cpp(64,16): error C2065: 'dis': undeclared identifier
C:\Users\kraks\Desktop\RatanBox\src\windowx11.cpp(64,2): error C3861: 'XCloseDisplay': identifier not found
C:\Users\kraks\Desktop\RatanBox\src\windowx11.cpp(68,1): error C2653: 'windowx11': is not a class or namespace name
C:\Users\kraks\Desktop\RatanBox\src\windowx11.cpp(72,2): error C2065: 'dis': undeclared identifier
C:\Users\kraks\Desktop\RatanBox\src\windowx11.cpp(72,6): error C3861: 'XOpenDisplay': identifier not found
C:\Users\kraks\Desktop\RatanBox\src\windowx11.cpp(73,5): error C2065: 'screen': undeclared identifier
C:\Users\kraks\Desktop\RatanBox\src\windowx11.cpp(73,26): error C2065: 'dis': undeclared identifier
C:\Users\kraks\Desktop\RatanBox\src\windowx11.cpp(73,12): error C3861: 'DefaultScreen': identifier not found
C:\Users\kraks\Desktop\RatanBox\src\windowx11.cpp(75,19): error C2065: 'dis': undeclared identifier
C:\Users\kraks\Desktop\RatanBox\src\windowx11.cpp(75,23): error C2065: 'screen': undeclared identifier
C:\Users\kraks\Desktop\RatanBox\src\windowx11.cpp(75,8): error C3861: 'BlackPixel': identifier not found
C:\Users\kraks\Desktop\RatanBox\src\windowx11.cpp(76,19): error C2065: 'dis': undeclared identifier
C:\Users\kraks\Desktop\RatanBox\src\windowx11.cpp(76,24): error C2065: 'screen': undeclared identifier
C:\Users\kraks\Desktop\RatanBox\src\windowx11.cpp(76,8): error C3861: 'WhitePixel': identifier not found
C:\Users\kraks\Desktop\RatanBox\src\windowx11.cpp(78,5): error C2065: 'win': undeclared identifier
C:\Users\kraks\Desktop\RatanBox\src\windowx11.cpp(78,29): error C2065: 'dis': undeclared identifier
C:\Users\kraks\Desktop\RatanBox\src\windowx11.cpp(78,51): error C2065: 'dis': undeclared identifier
C:\Users\kraks\Desktop\RatanBox\src\windowx11.cpp(78,33): error C3861: 'DefaultRootWindow': identifier not found
C:\Users\kraks\Desktop\RatanBox\src\windowx11.cpp(78,9): error C3861: 'XCreateSimpleWindow': identifier not found
C:\Users\kraks\Desktop\RatanBox\src\windowx11.cpp(81,25): error C2065: 'dis': undeclared identifier
C:\Users\kraks\Desktop\RatanBox\src\windowx11.cpp(81,29): error C2065: 'win': undeclared identifier
C:\Users\kraks\Desktop\RatanBox\src\windowx11.cpp(81,51): error C2065: 'None': undeclared identifier
C:\Users\kraks\Desktop\RatanBox\src\windowx11.cpp(81,2): error C3861: 'XSetStandardProperties': identifier not found
C:\Users\kraks\Desktop\RatanBox\src\windowx11.cpp(83,15): error C2065: 'dis': undeclared identifier
C:\Users\kraks\Desktop\RatanBox\src\windowx11.cpp(83,20): error C2065: 'win': undeclared identifier
C:\Users\kraks\Desktop\RatanBox\src\windowx11.cpp(83,25): error C2065: 'ExposureMask': undeclared identifier
C:\Users\kraks\Desktop\RatanBox\src\windowx11.cpp(83,38): error C2065: 'ButtonPressMask': undeclared identifier
C:\Users\kraks\Desktop\RatanBox\src\windowx11.cpp(83,54): error C2065: 'KeyPressMask': undeclared identifier
C:\Users\kraks\Desktop\RatanBox\src\windowx11.cpp(83,2): error C3861: 'XSelectInput': identifier not found
C:\Users\kraks\Desktop\RatanBox\src\windowx11.cpp(85,2): error C2065: 'gc': undeclared identifier
C:\Users\kraks\Desktop\RatanBox\src\windowx11.cpp(85,15): error C2065: 'dis': undeclared identifier
C:\Users\kraks\Desktop\RatanBox\src\windowx11.cpp(85,20): error C2065: 'win': undeclared identifier
C:\Users\kraks\Desktop\RatanBox\src\windowx11.cpp(85,5): error C3861: 'XCreateGC': identifier not found
C:\Users\kraks\Desktop\RatanBox\src\windowx11.cpp(87,17): error C2065: 'dis': undeclared identifier
C:\Users\kraks\Desktop\RatanBox\src\windowx11.cpp(87,21): error C2065: 'gc': undeclared identifier
C:\Users\kraks\Desktop\RatanBox\src\windowx11.cpp(87,2): error C3861: 'XSetBackground': identifier not found
C:\Users\kraks\Desktop\RatanBox\src\windowx11.cpp(88,17): error C2065: 'dis': undeclared identifier
C:\Users\kraks\Desktop\RatanBox\src\windowx11.cpp(88,21): error C2065: 'gc': undeclared identifier
C:\Users\kraks\Desktop\RatanBox\src\windowx11.cpp(88,2): error C3861: 'XSetForeground': identifier not found
C:\Users\kraks\Desktop\RatanBox\src\windowx11.cpp(90,15): error C2065: 'dis': undeclared identifier
C:\Users\kraks\Desktop\RatanBox\src\windowx11.cpp(90,20): error C2065: 'win': undeclared identifier
C:\Users\kraks\Desktop\RatanBox\src\windowx11.cpp(90,2): error C3861: 'XClearWindow': identifier not found
C:\Users\kraks\Desktop\RatanBox\src\windowx11.cpp(91,13): error C2065: 'dis': undeclared identifier
C:\Users\kraks\Desktop\RatanBox\src\windowx11.cpp(91,18): error C2065: 'win': undeclared identifier
C:\Users\kraks\Desktop\RatanBox\src\windowx11.cpp(91,2): error C3861: 'XMapRaised': identifier not found
C:\Users\kraks\Desktop\RatanBox\src\windowx11.cpp(95,1): error C2653: 'windowx11': is not a class or namespace name
C:\Users\kraks\Desktop\RatanBox\src\windowx11.cpp(97,5): error C2065: 'XColor': undeclared identifier
C:\Users\kraks\Desktop\RatanBox\src\windowx11.cpp(97,12): error C2146: syntax error: missing ';' before identifier 'tmp'
C:\Users\kraks\Desktop\RatanBox\src\windowx11.cpp(97,12): error C2065: 'tmp': undeclared identifier
C:\Users\kraks\Desktop\RatanBox\src\windowx11.cpp(99,14): error C2065: 'dis': undeclared identifier
C:\Users\kraks\Desktop\RatanBox\src\windowx11.cpp(99,35): error C2065: 'dis': undeclared identifier
C:\Users\kraks\Desktop\RatanBox\src\windowx11.cpp(99,39): error C2065: 'screen': undeclared identifier
C:\Users\kraks\Desktop\RatanBox\src\windowx11.cpp(99,19): error C3861: 'DefaultColormap': identifier not found
C:\Users\kraks\Desktop\RatanBox\src\windowx11.cpp(99,63): error C2065: 'tmp': undeclared identifier
C:\Users\kraks\Desktop\RatanBox\src\windowx11.cpp(99,2): error C3861: 'XParseColor': identifier not found
C:\Users\kraks\Desktop\RatanBox\src\windowx11.cpp(100,14): error C2065: 'dis': undeclared identifier
C:\Users\kraks\Desktop\RatanBox\src\windowx11.cpp(100,34): error C2065: 'dis': undeclared identifier
C:\Users\kraks\Desktop\RatanBox\src\windowx11.cpp(100,38): error C2065: 'screen': undeclared identifier
C:\Users\kraks\Desktop\RatanBox\src\windowx11.cpp(100,18): error C3861: 'DefaultColormap': identifier not found
C:\Users\kraks\Desktop\RatanBox\src\windowx11.cpp(100,47): error C2065: 'tmp': undeclared identifier
C:\Users\kraks\Desktop\RatanBox\src\windowx11.cpp(100,2): error C3861: 'XAllocColor': identifier not found
C:\Users\kraks\Desktop\RatanBox\src\windowx11.cpp(101,2): error C2065: 'chartreuse': undeclared identifier
C:\Users\kraks\Desktop\RatanBox\src\windowx11.cpp(101,13): error C2065: 'tmp': undeclared identifier
C:\Users\kraks\Desktop\RatanBox\src\windowx11.cpp(105,1): error C2653: 'windowx11': is not a class or namespace name
C:\Users\kraks\Desktop\RatanBox\src\windowx11.cpp(108,2): error C2065: 'Colormap': undeclared identifier
C:\Users\kraks\Desktop\RatanBox\src\windowx11.cpp(108,11): error C2146: syntax error: missing ';' before identifier 'cmap'
C:\Users\kraks\Desktop\RatanBox\src\windowx11.cpp(108,11): error C2065: 'cmap': undeclared identifier
C:\Users\kraks\Desktop\RatanBox\src\windowx11.cpp(109,2): error C2065: 'XColor': undeclared identifier
C:\Users\kraks\Desktop\RatanBox\src\windowx11.cpp(109,9): error C2146: syntax error: missing ';' before identifier 'tmp'
C:\Users\kraks\Desktop\RatanBox\src\windowx11.cpp(109,9): error C2065: 'tmp': undeclared identifier
C:\Users\kraks\Desktop\RatanBox\src\windowx11.cpp(112,3): error C2065: 'tmp': undeclared identifier
C:\Users\kraks\Desktop\RatanBox\src\windowx11.cpp(113,3): error C2065: 'tmp': undeclared identifier
C:\Users\kraks\Desktop\RatanBox\src\windowx11.cpp(113,16): error C2065: 'DoRed': undeclared identifier
C:\Users\kraks\Desktop\RatanBox\src\windowx11.cpp(113,22): error C2065: 'DoGreen': undeclared identifier
C:\Users\kraks\Desktop\RatanBox\src\windowx11.cpp(113,30): error C2065: 'DoBlue': undeclared identifier
C:\Users\kraks\Desktop\RatanBox\src\windowx11.cpp(114,3): error C2065: 'tmp': undeclared identifier
C:\Users\kraks\Desktop\RatanBox\src\windowx11.cpp(115,3): error C2065: 'tmp': undeclared identifier
C:\Users\kraks\Desktop\RatanBox\src\windowx11.cpp(116,3): error C2065: 'tmp': undeclared identifier
C:\Users\kraks\Desktop\RatanBox\src\windowx11.cpp(118,2): error C2065: 'cmap': undeclared identifier
C:\Users\kraks\Desktop\RatanBox\src\windowx11.cpp(118,23): error C2065: 'dis': undeclared identifier
C:\Users\kraks\Desktop\RatanBox\src\windowx11.cpp(118,38): error C2065: 'dis': undeclared identifier
C:\Users\kraks\Desktop\RatanBox\src\windowx11.cpp(118,42): error C2065: 'screen': undeclared identifier
C:\Users\kraks\Desktop\RatanBox\src\windowx11.cpp(118,27): error C3861: 'RootWindow': identifier not found
C:\Users\kraks\Desktop\RatanBox\src\windowx11.cpp(119,17): error C2065: 'dis': undeclared identifier
C:\Users\kraks\Desktop\RatanBox\src\windowx11.cpp(119,21): error C2065: 'screen': undeclared identifier
C:\Users\kraks\Desktop\RatanBox\src\windowx11.cpp(119,3): error C3861: 'DefaultVisual': identifier not found
C:\Users\kraks\Desktop\RatanBox\src\windowx11.cpp(119,29): error C2065: 'AllocAll': undeclared identifier
C:\Users\kraks\Desktop\RatanBox\src\windowx11.cpp(119,29): error C1003: error count exceeds 100; stopping compilation
  Generating Code...
